Using pre-set license
Built from '2022.2/release' branch; Version is '2022.2.13f1 (5f5de2657605) revision 6249954'; Using compiler version '192829333'; Build Type 'Release'
OS: 'Windows 11  (10.0.22621) 64bit Professional' Language: 'ja' Physical Memory: 16086 MB
BatchMode: 1, IsHumanControllingUs: 0, StartBugReporterOnCrash: 0, Is64bit: 1, IsPro: 1

COMMAND LINE ARGUMENTS:
C:\Program Files\Unity\Hub\Editor\2022.2.13f1\Editor\Unity.exe
-adb2
-batchMode
-noUpm
-name
AssetImportWorker1
-projectPath
C:/Github/Shooting2D_saido/Shooting2d_
-logFile
Logs/AssetImportWorker1.log
-srvPort
50765
Successfully changed project path to: C:/Github/Shooting2D_saido/Shooting2d_
C:/Github/Shooting2D_saido/Shooting2d_
[UnityMemory] Configuration Parameters - Can be set up in boot.config
    "memorysetup-bucket-allocator-granularity=16"
    "memorysetup-bucket-allocator-bucket-count=8"
    "memorysetup-bucket-allocator-block-size=33554432"
    "memorysetup-bucket-allocator-block-count=8"
    "memorysetup-main-allocator-block-size=16777216"
    "memorysetup-thread-allocator-block-size=16777216"
    "memorysetup-gfx-main-allocator-block-size=16777216"
    "memorysetup-gfx-thread-allocator-block-size=16777216"
    "memorysetup-cache-allocator-block-size=4194304"
    "memorysetup-typetree-allocator-block-size=2097152"
    "memorysetup-profiler-bucket-allocator-granularity=16"
    "memorysetup-profiler-bucket-allocator-bucket-count=8"
    "memorysetup-profiler-bucket-allocator-block-size=33554432"
    "memorysetup-profiler-bucket-allocator-block-count=8"
    "memorysetup-profiler-allocator-block-size=16777216"
    "memorysetup-profiler-editor-allocator-block-size=1048576"
    "memorysetup-temp-allocator-size-main=16777216"
    "memorysetup-job-temp-allocator-block-size=2097152"
    "memorysetup-job-temp-allocator-block-size-background=1048576"
    "memorysetup-job-temp-allocator-reduction-small-platforms=262144"
    "memorysetup-temp-allocator-size-background-worker=32768"
    "memorysetup-temp-allocator-size-job-worker=262144"
    "memorysetup-temp-allocator-size-preload-manager=33554432"
    "memorysetup-temp-allocator-size-nav-mesh-worker=65536"
    "memorysetup-temp-allocator-size-audio-worker=65536"
    "memorysetup-temp-allocator-size-cloud-worker=32768"
    "memorysetup-temp-allocator-size-gi-baking-worker=262144"
    "memorysetup-temp-allocator-size-gfx=262144"
Player connection [6052] Host "[IP] 172.18.82.191 [Port] 0 [Flags] 2 [Guid] 1112738819 [EditorId] 1112738819 [Version] 1048832 [Id] WindowsEditor(7,DESKTOP-MH3M7B4) [Debug] 1 [PackageName] WindowsEditor [ProjectName] Editor" joined multi-casting on [225.0.0.222:54997]...

Player connection [6052] Host "[IP] 172.18.82.191 [Port] 0 [Flags] 2 [Guid] 1112738819 [EditorId] 1112738819 [Version] 1048832 [Id] WindowsEditor(7,DESKTOP-MH3M7B4) [Debug] 1 [PackageName] WindowsEditor [ProjectName] Editor" joined alternative multi-casting on [225.0.0.222:34997]...

Refreshing native plugins compatible for Editor in 11.11 ms, found 4 plugins.
Preloading 0 native plugins for Editor in 0.00 ms.
Initialize engine version: 2022.2.13f1 (5f5de2657605)
[Subsystems] Discovering subsystems at path C:/Program Files/Unity/Hub/Editor/2022.2.13f1/Editor/Data/Resources/UnitySubsystems
[Subsystems] Discovering subsystems at path C:/Github/Shooting2D_saido/Shooting2d_/Assets
GfxDevice: creating device client; threaded=0; jobified=0
Direct3D:
    Version:  Direct3D 11.0 [level 11.1]
    Renderer: Intel(R) Iris(R) Xe Graphics (ID=0x9a49)
    Vendor:   Intel
    VRAM:     8043 MB
    Driver:   31.0.101.3959
Initialize mono
Mono path[0] = 'C:/Program Files/Unity/Hub/Editor/2022.2.13f1/Editor/Data/Managed'
Mono path[1] = 'C:/Program Files/Unity/Hub/Editor/2022.2.13f1/Editor/Data/MonoBleedingEdge/lib/mono/unityjit-win32'
Mono config path = 'C:/Program Files/Unity/Hub/Editor/2022.2.13f1/Editor/Data/MonoBleedingEdge/etc'
Using monoOptions --debugger-agent=transport=dt_socket,embedding=1,server=y,suspend=n,address=127.0.0.1:56396
Begin MonoManager ReloadAssembly
Registering precompiled unity dll's ...
Register platform support module: C:/Program Files/Unity/Hub/Editor/2022.2.13f1/Editor/Data/PlaybackEngines/AndroidPlayer/UnityEditor.Android.Extensions.dll
Register platform support module: C:/Program Files/Unity/Hub/Editor/2022.2.13f1/Editor/Data/PlaybackEngines/WindowsStandaloneSupport/UnityEditor.WindowsStandalone.Extensions.dll
Registered in 0.004689 seconds.
- Loaded All Assemblies, in  0.332 seconds
Native extension for WindowsStandalone target not found
Native extension for Android target not found
Android Extension - Scanning For ADB Devices 257 ms
Mono: successfully reloaded assembly
- Finished resetting the current domain, in  0.543 seconds
Domain Reload Profiling:
	ReloadAssembly (184ms)
		BeginReloadAssembly (96ms)
			ExecutionOrderSort (0ms)
			DisableScriptedObjects (0ms)
			BackupInstance (0ms)
			ReleaseScriptingObjects (0ms)
			CreateAndSetChildDomain (1ms)
		LoadAllAssembliesAndSetupDomain (0ms)
			LoadAssemblies (94ms)
			RebuildTransferFunctionScriptingTraits (0ms)
			SetupTypeCache (143ms)
				TypeCache.Initialize (142ms)
					TypeCache.ScanAssembly (141ms)
				ResolveRequiredComponents (0ms)
		FinalizeReload (0ms)
			ReleaseScriptCaches (0ms)
			RebuildScriptCaches (0ms)
			SetupLoadedEditorAssemblies (472ms)
				LogAssemblyErrors (0ms)
				InitializePlatformSupportModulesInManaged (329ms)
				SetLoadedEditorAssemblies (4ms)
				RefreshPlugins (0ms)
				BeforeProcessingInitializeOnLoad (1ms)
				ProcessInitializeOnLoadAttributes (96ms)
				ProcessInitializeOnLoadMethodAttributes (41ms)
				AfterProcessingInitializeOnLoad (0ms)
				EditorAssembliesLoaded (0ms)
			ExecutionOrderSort2 (0ms)
			AwakeInstancesAfterBackupRestoration (0ms)
========================================================================
Worker process is ready to serve import requests
Begin MonoManager ReloadAssembly
Symbol file LoadedFromMemory doesn't match image C:\Github\Shooting2D_saido\Shooting2d_\Library\PackageCache\com.unity.visualscripting@1.8.0\Editor\VisualScripting.Core\Dependencies\YamlDotNet\Unity.VisualScripting.YamlDotNet.dll
Symbol file LoadedFromMemory doesn't match image C:\Github\Shooting2D_saido\Shooting2d_\Library\PackageCache\com.unity.visualscripting@1.8.0\Editor\VisualScripting.Core\Dependencies\DotNetZip\Unity.VisualScripting.IonicZip.dll
- Loaded All Assemblies, in  0.699 seconds
Refreshing native plugins compatible for Editor in 3.59 ms, found 4 plugins.
Native extension for WindowsStandalone target not found
Native extension for Android target not found
Mono: successfully reloaded assembly
- Finished resetting the current domain, in  0.521 seconds
Domain Reload Profiling:
	ReloadAssembly (222ms)
		BeginReloadAssembly (134ms)
			ExecutionOrderSort (0ms)
			DisableScriptedObjects (4ms)
			BackupInstance (0ms)
			ReleaseScriptingObjects (0ms)
			CreateAndSetChildDomain (25ms)
		LoadAllAssembliesAndSetupDomain (475ms)
			LoadAssemblies (246ms)
			RebuildTransferFunctionScriptingTraits (0ms)
			SetupTypeCache (294ms)
				TypeCache.Initialize (269ms)
					TypeCache.ScanAssembly (264ms)
				ResolveRequiredComponents (4ms)
		FinalizeReload (0ms)
			ReleaseScriptCaches (0ms)
			RebuildScriptCaches (0ms)
			SetupLoadedEditorAssemblies (367ms)
				LogAssemblyErrors (0ms)
				InitializePlatformSupportModulesInManaged (19ms)
				SetLoadedEditorAssemblies (5ms)
				RefreshPlugins (0ms)
				BeforeProcessingInitializeOnLoad (62ms)
				ProcessInitializeOnLoadAttributes (234ms)
				ProcessInitializeOnLoadMethodAttributes (43ms)
				AfterProcessingInitializeOnLoad (5ms)
				EditorAssembliesLoaded (0ms)
			ExecutionOrderSort2 (0ms)
			AwakeInstancesAfterBackupRestoration (6ms)
Launched and connected shader compiler UnityShaderCompiler.exe after 0.04 seconds
Refreshing native plugins compatible for Editor in 2.95 ms, found 4 plugins.
Preloading 0 native plugins for Editor in 0.00 ms.
Unloading 3950 Unused Serialized files (Serialized files now loaded: 0)
Unloading 67 unused Assets / (254.6 KB). Loaded Objects now: 4408.
Memory consumption went from 132.8 MB to 132.5 MB.
Total: 3.905100 ms (FindLiveObjects: 0.327500 ms CreateObjectMapping: 0.210300 ms MarkObjects: 3.135700 ms  DeleteObjects: 0.229000 ms)

AssetImportParameters requested are different than current active one (requested -> active):
  custom:container-demuxer-ogg: 62fdf1f143b41e24485cea50d1cbac27 -> 
  custom:video-codec-MediaFoundation-h265: 746d11721c4dcdbdad8f713fa42b33f4 -> 
  custom:video-decoder-ogg-theora: a1e56fd34408186e4bbccfd4996cb3dc -> 
  custom:framework-win-MediaFoundation: 216162199b28c13a410421893ffa2e32 -> 
  custom:container-demuxer-webm: 4f35f7cbe854078d1ac9338744f61a02 -> 
  custom:container-muxer-webm: aa71ff27fc2769a1b78a27578f13a17b -> 
  custom:video-decoder-webm-vp8: 9c59270c3fd7afecdb556c50c9e8de78 -> 
  custom:AudioImporter_EditorPlatform: d09bf68614088b80899f8185d706f6e7 -> 
  custom:video-encoder-webm-vp8: eb34c28f22e8b96e1ab97ce403110664 -> 
  custom:audio-decoder-ogg-vorbis: bf7c407c2cedff20999df2af8eb42d56 -> 
  custom:audio-encoder-webm-vorbis: bf7c407c2cedff20999df2af8eb42d56 -> 
========================================================================
Received Import Request.
  Time since last request: 8061.320698 seconds.
  path: Assets/Shot/Shot.anim
  artifactKey: Guid(e39b054cb275ab54f99cacbdbfddb994) Importer(2089858483,0ecaa5967403d082aa24f35e1b516d23)
Start importing Assets/Shot/Shot.anim using Guid(e39b054cb275ab54f99cacbdbfddb994) Importer(2089858483,0ecaa5967403d082aa24f35e1b516d23) Generated GUIDs only implemented for interfaces!
 -> (artifact id: 'ee907bf2d2d9c9171d5a0eacef38dc83') in 0.112448 seconds
Number of updated asset objects reloaded before import = 0
Number of asset objects unloaded after import = 1
========================================================================
Received Import Request.
  Time since last request: 0.000028 seconds.
  path: Assets/EnemyEye/Enemy.png
  artifactKey: Guid(49230ac5fa2697b41acefd83cfa41156) Importer(2089858483,0ecaa5967403d082aa24f35e1b516d23)
Start importing Assets/EnemyEye/Enemy.png using Guid(49230ac5fa2697b41acefd83cfa41156) Importer(2089858483,0ecaa5967403d082aa24f35e1b516d23) Generated GUIDs only implemented for interfaces!
 -> (artifact id: '7d410719b49f4c5b94115ec447f4f6f6') in 0.068100 seconds
Number of updated asset objects reloaded before import = 0
Number of asset objects unloaded after import = 8
========================================================================
Received Import Request.
  Time since last request: 0.000016 seconds.
  path: Assets/GameScene/Time_gauge.png
  artifactKey: Guid(02a83c9e83e7d764f88074550da86c13) Importer(2089858483,0ecaa5967403d082aa24f35e1b516d23)
Start importing Assets/GameScene/Time_gauge.png using Guid(02a83c9e83e7d764f88074550da86c13) Importer(2089858483,0ecaa5967403d082aa24f35e1b516d23) Generated GUIDs only implemented for interfaces!
 -> (artifact id: 'd73118c239363f2bec21d8c57fb9c459') in 0.024391 seconds
Number of updated asset objects reloaded before import = 0
Number of asset objects unloaded after import = 3
========================================================================
Received Import Request.
  Time since last request: 0.000028 seconds.
  path: Assets/GameScene/GameScene.unity
  artifactKey: Guid(8d90cd3fcf27f46429e4c03304c96049) Importer(2089858483,0ecaa5967403d082aa24f35e1b516d23)
Start importing Assets/GameScene/GameScene.unity using Guid(8d90cd3fcf27f46429e4c03304c96049) Importer(2089858483,0ecaa5967403d082aa24f35e1b516d23) Generated GUIDs only implemented for interfaces!
 -> (artifact id: 'b1972bb2fc38811beaae0a1f8c689450') in 0.011740 seconds
Number of updated asset objects reloaded before import = 0
Number of asset objects unloaded after import = 1
========================================================================
Received Import Request.
  Time since last request: 0.000048 seconds.
  path: Assets/Player/LMove.anim
  artifactKey: Guid(5d019f23e3ae2b748ab52048f36b8016) Importer(2089858483,0ecaa5967403d082aa24f35e1b516d23)
Start importing Assets/Player/LMove.anim using Guid(5d019f23e3ae2b748ab52048f36b8016) Importer(2089858483,0ecaa5967403d082aa24f35e1b516d23) Generated GUIDs only implemented for interfaces!
 -> (artifact id: 'f06efdde3a62c3ec9aa79d2d76f7e4c6') in 0.016710 seconds
Number of updated asset objects reloaded before import = 0
Number of asset objects unloaded after import = 1
========================================================================
Received Import Request.
  Time since last request: 0.000044 seconds.
  path: Assets/Item/ItemController2.cs
  artifactKey: Guid(da05fe903e1428e4b9c6bca2d326ab6f) Importer(2089858483,0ecaa5967403d082aa24f35e1b516d23)
Start importing Assets/Item/ItemController2.cs using Guid(da05fe903e1428e4b9c6bca2d326ab6f) Importer(2089858483,0ecaa5967403d082aa24f35e1b516d23) Generated GUIDs only implemented for interfaces!
 -> (artifact id: '70a7408ca3a22f30871579a59a0a8434') in 0.014833 seconds
Number of updated asset objects reloaded before import = 0
Number of asset objects unloaded after import = 1
========================================================================
Received Import Request.
  Time since last request: 0.000024 seconds.
  path: Assets/EnemyEye/EnemyShotController.cs
  artifactKey: Guid(fcd45ea1bce7a294aad33ef2e3b2bf8f) Importer(2089858483,0ecaa5967403d082aa24f35e1b516d23)
Start importing Assets/EnemyEye/EnemyShotController.cs using Guid(fcd45ea1bce7a294aad33ef2e3b2bf8f) Importer(2089858483,0ecaa5967403d082aa24f35e1b516d23) Generated GUIDs only implemented for interfaces!
 -> (artifact id: 'bde3ca0196bd54080d2164e514edcaea') in 0.016785 seconds
Number of updated asset objects reloaded before import = 0
Number of asset objects unloaded after import = 1
========================================================================
Received Import Request.
  Time since last request: 0.000041 seconds.
  path: Assets/Shot/ShotController.cs
  artifactKey: Guid(5eddabc6644fb1e469a22ddae105038c) Importer(2089858483,0ecaa5967403d082aa24f35e1b516d23)
Start importing Assets/Shot/ShotController.cs using Guid(5eddabc6644fb1e469a22ddae105038c) Importer(2089858483,0ecaa5967403d082aa24f35e1b516d23) Generated GUIDs only implemented for interfaces!
 -> (artifact id: '6db8d20a23a299453f6cd7be56b7f36f') in 0.016241 seconds
Number of updated asset objects reloaded before import = 0
Number of asset objects unloaded after import = 1
========================================================================
Received Import Request.
  Time since last request: 0.000045 seconds.
  path: Assets/Explosion/Explosion.anim
  artifactKey: Guid(a29b639bb4a19eb4f8bdd6e4f06467bf) Importer(2089858483,0ecaa5967403d082aa24f35e1b516d23)
Start importing Assets/Explosion/Explosion.anim using Guid(a29b639bb4a19eb4f8bdd6e4f06467bf) Importer(2089858483,0ecaa5967403d082aa24f35e1b516d23) Generated GUIDs only implemented for interfaces!
 -> (artifact id: 'a63c8348af5bb7c80487155f086bc10e') in 0.022028 seconds
Number of updated asset objects reloaded before import = 0
Number of asset objects unloaded after import = 10
========================================================================
Received Import Request.
  Time since last request: 0.000022 seconds.
  path: Assets/Explosion/ExplosionAniCon.controller
  artifactKey: Guid(f5f4f983806469a479ce499631904466) Importer(2089858483,0ecaa5967403d082aa24f35e1b516d23)
Start importing Assets/Explosion/ExplosionAniCon.controller using Guid(f5f4f983806469a479ce499631904466) Importer(2089858483,0ecaa5967403d082aa24f35e1b516d23) Generated GUIDs only implemented for interfaces!
 -> (artifact id: '7daf5459bc5577b11153312fe55a2979') in 0.018384 seconds
Number of updated asset objects reloaded before import = 0
Number of asset objects unloaded after import = 4
========================================================================
Received Import Request.
  Time since last request: 0.000031 seconds.
  path: Assets/Player/RMove.anim
  artifactKey: Guid(2101e78e3af07eb4288834cbe55efc06) Importer(2089858483,0ecaa5967403d082aa24f35e1b516d23)
Start importing Assets/Player/RMove.anim using Guid(2101e78e3af07eb4288834cbe55efc06) Importer(2089858483,0ecaa5967403d082aa24f35e1b516d23) Generated GUIDs only implemented for interfaces!
 -> (artifact id: '92c8d4aa90cf461ce0dc5af98ac1e2cf') in 0.017673 seconds
Number of updated asset objects reloaded before import = 0
Number of asset objects unloaded after import = 1
========================================================================
Received Import Request.
  Time since last request: 0.000024 seconds.
  path: Assets/EnemyEye/EnemyEye.prefab
  artifactKey: Guid(645875a8e5ef25c4fbae542bc5e39377) Importer(2089858483,0ecaa5967403d082aa24f35e1b516d23)
Start importing Assets/EnemyEye/EnemyEye.prefab using Guid(645875a8e5ef25c4fbae542bc5e39377) Importer(2089858483,0ecaa5967403d082aa24f35e1b516d23) Generated GUIDs only implemented for interfaces!
 -> (artifact id: '6ac3ef1d96cdfb96d170ddad30b10bc4') in 0.040506 seconds
Number of updated asset objects reloaded before import = 0
Number of asset objects unloaded after import = 39
========================================================================
Received Import Request.
  Time since last request: 0.000037 seconds.
  path: Assets/TitleScene/TitleDirector.cs
  artifactKey: Guid(36f05eff3217ada4eb9f9ef039ad8dff) Importer(2089858483,0ecaa5967403d082aa24f35e1b516d23)
Start importing Assets/TitleScene/TitleDirector.cs using Guid(36f05eff3217ada4eb9f9ef039ad8dff) Importer(2089858483,0ecaa5967403d082aa24f35e1b516d23) Generated GUIDs only implemented for interfaces!
 -> (artifact id: 'e93edd48caca9f5297ba58c06c3d7d00') in 0.014926 seconds
Number of updated asset objects reloaded before import = 0
Number of asset objects unloaded after import = 1
========================================================================
Received Import Request.
  Time since last request: 0.000039 seconds.
  path: Assets/EnemyEye/Enemy_0.controller
  artifactKey: Guid(b5c856d673153754c91d4b7716e792e3) Importer(2089858483,0ecaa5967403d082aa24f35e1b516d23)
Start importing Assets/EnemyEye/Enemy_0.controller using Guid(b5c856d673153754c91d4b7716e792e3) Importer(2089858483,0ecaa5967403d082aa24f35e1b516d23) Generated GUIDs only implemented for interfaces!
 -> (artifact id: 'e60c4bebce209b98b1c85b93c11dc5d0') in 0.013324 seconds
Number of updated asset objects reloaded before import = 0
Number of asset objects unloaded after import = 4
========================================================================
Received Import Request.
  Time since last request: 0.000024 seconds.
  path: Assets/EnemyEye/EnemyAni.anim
  artifactKey: Guid(07c934fca95471f4aa80f7ba625ee888) Importer(2089858483,0ecaa5967403d082aa24f35e1b516d23)
Start importing Assets/EnemyEye/EnemyAni.anim using Guid(07c934fca95471f4aa80f7ba625ee888) Importer(2089858483,0ecaa5967403d082aa24f35e1b516d23) Generated GUIDs only implemented for interfaces!
 -> (artifact id: '76b23175750e588f88d8d9f630b875e1') in 0.017681 seconds
Number of updated asset objects reloaded before import = 0
Number of asset objects unloaded after import = 1
========================================================================
Received Import Request.
  Time since last request: 0.000247 seconds.
  path: Assets/Player/MyChar.png
  artifactKey: Guid(8c27b2423e7dfb1448970e2786cb3954) Importer(2089858483,0ecaa5967403d082aa24f35e1b516d23)
Start importing Assets/Player/MyChar.png using Guid(8c27b2423e7dfb1448970e2786cb3954) Importer(2089858483,0ecaa5967403d082aa24f35e1b516d23) Generated GUIDs only implemented for interfaces!
 -> (artifact id: '60ff850760a9f4d2177839d74ce8b83e') in 0.058201 seconds
Number of updated asset objects reloaded before import = 0
Number of asset objects unloaded after import = 18
========================================================================
Received Import Request.
  Time since last request: 0.000018 seconds.
  path: Assets/EnemyEye/EnemyShotController_2.cs
  artifactKey: Guid(7e2ba4412b43931428d71b16ee214b2c) Importer(2089858483,0ecaa5967403d082aa24f35e1b516d23)
Start importing Assets/EnemyEye/EnemyShotController_2.cs using Guid(7e2ba4412b43931428d71b16ee214b2c) Importer(2089858483,0ecaa5967403d082aa24f35e1b516d23) Generated GUIDs only implemented for interfaces!
 -> (artifact id: '22348fc4e1161a3cfe0edd0de20eebcb') in 0.011989 seconds
Number of updated asset objects reloaded before import = 0
Number of asset objects unloaded after import = 1
========================================================================
Received Import Request.
  Time since last request: 0.000064 seconds.
  path: Assets/Item/ItemPre.prefab
  artifactKey: Guid(743e58a093c15dd44918efb16a8efdbf) Importer(2089858483,0ecaa5967403d082aa24f35e1b516d23)
Start importing Assets/Item/ItemPre.prefab using Guid(743e58a093c15dd44918efb16a8efdbf) Importer(2089858483,0ecaa5967403d082aa24f35e1b516d23) Generated GUIDs only implemented for interfaces!
 -> (artifact id: '8d2a605621bcc12ab338e981d0ad58d7') in 0.023005 seconds
Number of updated asset objects reloaded before import = 0
Number of asset objects unloaded after import = 10
========================================================================
Received Import Request.
  Time since last request: 0.000027 seconds.
  path: Assets/GameScene/back.jpg
  artifactKey: Guid(4a58888022ba24f45a1eeaada5739284) Importer(2089858483,0ecaa5967403d082aa24f35e1b516d23)
Start importing Assets/GameScene/back.jpg using Guid(4a58888022ba24f45a1eeaada5739284) Importer(2089858483,0ecaa5967403d082aa24f35e1b516d23) Generated GUIDs only implemented for interfaces!
 -> (artifact id: '28d4996eafca4f8b980ff97f03634ee2') in 0.032410 seconds
Number of updated asset objects reloaded before import = 0
Number of asset objects unloaded after import = 3
========================================================================
Received Import Request.
  Time since last request: 0.000024 seconds.
  path: Assets/Player/neutral.anim
  artifactKey: Guid(6dfe6778b9cb4184987a0945f48751c5) Importer(2089858483,0ecaa5967403d082aa24f35e1b516d23)
Start importing Assets/Player/neutral.anim using Guid(6dfe6778b9cb4184987a0945f48751c5) Importer(2089858483,0ecaa5967403d082aa24f35e1b516d23) Generated GUIDs only implemented for interfaces!
 -> (artifact id: '637915dd292d5b645ba91203f3cffef4') in 0.014807 seconds
Number of updated asset objects reloaded before import = 0
Number of asset objects unloaded after import = 1
========================================================================
Received Import Request.
  Time since last request: 0.000029 seconds.
  path: Assets/Shot/ShotAniCon.controller
  artifactKey: Guid(657f0e0a6f8bdad4ba8b7f1f7b06ed1b) Importer(2089858483,0ecaa5967403d082aa24f35e1b516d23)
Start importing Assets/Shot/ShotAniCon.controller using Guid(657f0e0a6f8bdad4ba8b7f1f7b06ed1b) Importer(2089858483,0ecaa5967403d082aa24f35e1b516d23) Generated GUIDs only implemented for interfaces!
 -> (artifact id: 'a36dc197ba4cc4b516dd15fd7182764d') in 0.014787 seconds
Number of updated asset objects reloaded before import = 0
Number of asset objects unloaded after import = 4
========================================================================
Received Import Request.
  Time since last request: 0.000029 seconds.
  path: Assets/Player/PlayerAniCon.controller
  artifactKey: Guid(00555a58b389780428d6c33025ec4369) Importer(2089858483,0ecaa5967403d082aa24f35e1b516d23)
Start importing Assets/Player/PlayerAniCon.controller using Guid(00555a58b389780428d6c33025ec4369) Importer(2089858483,0ecaa5967403d082aa24f35e1b516d23) Generated GUIDs only implemented for interfaces!
 -> (artifact id: '6ce473953edfdba54f09661e86a87909') in 0.012225 seconds
Number of updated asset objects reloaded before import = 0
Number of asset objects unloaded after import = 8
========================================================================
Received Prepare
Refreshing native plugins compatible for Editor in 4.11 ms, found 4 plugins.
Preloading 0 native plugins for Editor in 0.00 ms.
Unloading 6 Unused Serialized files (Serialized files now loaded: 0)
Unloading 7 unused Assets / (196.0 KB). Loaded Objects now: 4408.
Memory consumption went from 71.0 MB to 70.9 MB.
Total: 3.755600 ms (FindLiveObjects: 0.394300 ms CreateObjectMapping: 0.345800 ms MarkObjects: 2.875700 ms  DeleteObjects: 0.138800 ms)

Prepare: number of updated asset objects reloaded= 0
AssetImportParameters requested are different than current active one (requested -> active):
  custom:container-demuxer-ogg: 62fdf1f143b41e24485cea50d1cbac27 -> 
  custom:video-codec-MediaFoundation-h265: 746d11721c4dcdbdad8f713fa42b33f4 -> 
  custom:video-decoder-ogg-theora: a1e56fd34408186e4bbccfd4996cb3dc -> 
  custom:framework-win-MediaFoundation: 216162199b28c13a410421893ffa2e32 -> 
  custom:container-demuxer-webm: 4f35f7cbe854078d1ac9338744f61a02 -> 
  custom:container-muxer-webm: aa71ff27fc2769a1b78a27578f13a17b -> 
  custom:video-decoder-webm-vp8: 9c59270c3fd7afecdb556c50c9e8de78 -> 
  custom:SearchIndexIgnoredProperties: e643bd26f0fe6173181afceb89e7c659 -> 
  custom:AudioImporter_EditorPlatform: d09bf68614088b80899f8185d706f6e7 -> 
  custom:video-encoder-webm-vp8: eb34c28f22e8b96e1ab97ce403110664 -> 
  custom:audio-decoder-ogg-vorbis: bf7c407c2cedff20999df2af8eb42d56 -> 
  custom:audio-encoder-webm-vorbis: bf7c407c2cedff20999df2af8eb42d56 -> 
========================================================================
Received Prepare
Refreshing native plugins compatible for Editor in 4.97 ms, found 4 plugins.
Preloading 0 native plugins for Editor in 0.00 ms.
Unloading 7 Unused Serialized files (Serialized files now loaded: 0)
Unloading 7 unused Assets / (205.7 KB). Loaded Objects now: 4408.
Memory consumption went from 71.3 MB to 71.1 MB.
Total: 4.506900 ms (FindLiveObjects: 0.296800 ms CreateObjectMapping: 0.151200 ms MarkObjects: 3.862300 ms  DeleteObjects: 0.194700 ms)

Prepare: number of updated asset objects reloaded= 0
AssetImportParameters requested are different than current active one (requested -> active):
  custom:container-demuxer-ogg: 62fdf1f143b41e24485cea50d1cbac27 -> 
  custom:video-codec-MediaFoundation-h265: 746d11721c4dcdbdad8f713fa42b33f4 -> 
  custom:video-decoder-ogg-theora: a1e56fd34408186e4bbccfd4996cb3dc -> 
  custom:framework-win-MediaFoundation: 216162199b28c13a410421893ffa2e32 -> 
  custom:container-demuxer-webm: 4f35f7cbe854078d1ac9338744f61a02 -> 
  custom:container-muxer-webm: aa71ff27fc2769a1b78a27578f13a17b -> 
  custom:video-decoder-webm-vp8: 9c59270c3fd7afecdb556c50c9e8de78 -> 
  custom:SearchIndexIgnoredProperties: e643bd26f0fe6173181afceb89e7c659 -> 
  custom:AudioImporter_EditorPlatform: d09bf68614088b80899f8185d706f6e7 -> 
  custom:video-encoder-webm-vp8: eb34c28f22e8b96e1ab97ce403110664 -> 
  custom:audio-decoder-ogg-vorbis: bf7c407c2cedff20999df2af8eb42d56 -> 
  custom:audio-encoder-webm-vorbis: bf7c407c2cedff20999df2af8eb42d56 -> 
========================================================================
Received Prepare
Refreshing native plugins compatible for Editor in 3.23 ms, found 4 plugins.
Preloading 0 native plugins for Editor in 0.00 ms.
Unloading 7 Unused Serialized files (Serialized files now loaded: 0)
Unloading 7 unused Assets / (205.7 KB). Loaded Objects now: 4408.
Memory consumption went from 71.3 MB to 71.1 MB.
Total: 2.841800 ms (FindLiveObjects: 0.275900 ms CreateObjectMapping: 0.106600 ms MarkObjects: 2.315700 ms  DeleteObjects: 0.142800 ms)

Prepare: number of updated asset objects reloaded= 0
AssetImportParameters requested are different than current active one (requested -> active):
  custom:container-demuxer-ogg: 62fdf1f143b41e24485cea50d1cbac27 -> 
  custom:video-codec-MediaFoundation-h265: 746d11721c4dcdbdad8f713fa42b33f4 -> 
  custom:video-decoder-ogg-theora: a1e56fd34408186e4bbccfd4996cb3dc -> 
  custom:framework-win-MediaFoundation: 216162199b28c13a410421893ffa2e32 -> 
  custom:container-demuxer-webm: 4f35f7cbe854078d1ac9338744f61a02 -> 
  custom:container-muxer-webm: aa71ff27fc2769a1b78a27578f13a17b -> 
  custom:video-decoder-webm-vp8: 9c59270c3fd7afecdb556c50c9e8de78 -> 
  custom:SearchIndexIgnoredProperties: e643bd26f0fe6173181afceb89e7c659 -> 
  custom:AudioImporter_EditorPlatform: d09bf68614088b80899f8185d706f6e7 -> 
  custom:video-encoder-webm-vp8: eb34c28f22e8b96e1ab97ce403110664 -> 
  custom:audio-decoder-ogg-vorbis: bf7c407c2cedff20999df2af8eb42d56 -> 
  custom:audio-encoder-webm-vorbis: bf7c407c2cedff20999df2af8eb42d56 -> 
========================================================================
Received Prepare
Refreshing native plugins compatible for Editor in 3.59 ms, found 4 plugins.
Preloading 0 native plugins for Editor in 0.00 ms.
Unloading 7 Unused Serialized files (Serialized files now loaded: 0)
Unloading 7 unused Assets / (205.6 KB). Loaded Objects now: 4408.
Memory consumption went from 71.3 MB to 71.1 MB.
Total: 2.805200 ms (FindLiveObjects: 0.266300 ms CreateObjectMapping: 0.104700 ms MarkObjects: 2.295800 ms  DeleteObjects: 0.137000 ms)

Prepare: number of updated asset objects reloaded= 0
AssetImportParameters requested are different than current active one (requested -> active):
  custom:container-demuxer-ogg: 62fdf1f143b41e24485cea50d1cbac27 -> 
  custom:video-codec-MediaFoundation-h265: 746d11721c4dcdbdad8f713fa42b33f4 -> 
  custom:video-decoder-ogg-theora: a1e56fd34408186e4bbccfd4996cb3dc -> 
  custom:framework-win-MediaFoundation: 216162199b28c13a410421893ffa2e32 -> 
  custom:container-demuxer-webm: 4f35f7cbe854078d1ac9338744f61a02 -> 
  custom:container-muxer-webm: aa71ff27fc2769a1b78a27578f13a17b -> 
  custom:video-decoder-webm-vp8: 9c59270c3fd7afecdb556c50c9e8de78 -> 
  custom:SearchIndexIgnoredProperties: e643bd26f0fe6173181afceb89e7c659 -> 
  custom:AudioImporter_EditorPlatform: d09bf68614088b80899f8185d706f6e7 -> 
  custom:video-encoder-webm-vp8: eb34c28f22e8b96e1ab97ce403110664 -> 
  custom:audio-decoder-ogg-vorbis: bf7c407c2cedff20999df2af8eb42d56 -> 
  custom:audio-encoder-webm-vorbis: bf7c407c2cedff20999df2af8eb42d56 -> 
